prefix: 
1 -1
2 -1
3 -1
4 -1
5 -1
6 -1
7 -1
8 -1
10 -1
11 -1
12 -1
13 -1
14 -1
15 -1
16 -1
18 -1
19 -1
22 -1
26 -1
28 -1
29 -1
31 -1
35 -1
36 -1
37 -1
38 -1
39 -1
40 -1
41 -1
42 -1
43 -1
45 -1
46 -1
49 -1
52 -1
53 -1
54 -1
55 -1
57 -1
58 -1
59 -1
61 -1
62 -1
63 -1
64 -1
65 -1
66 -1
69 -1
70 -1
71 -1
72 -1
73 -1
74 -1
78 -1
80 -1
84 -1
88 -1
89 -1
90 -1
91 -1
93 -1
95 -1
96 -1
97 -1
99 -1
prefix: 1 
6 0
19 0
29 0
31 0
35 0
57 0
64 0
66 0
70 0
prefix: 1 6 
19 0
29 1
35 0
57 0
64 0
66 0
70 1
prefix: 1 6 29 
19 0
35 0
57 0
64 0
66 0
prefix: 1 6 29 -1 -1 35 
19 0
prefix: 1 6 29 -1 -1 57 
35 0
64 1
66 1
prefix: 1 6 29 -1 -1 57 64 
35 0
prefix: 1 6 29 -1 -1 57 66 
35 0
prefix: 1 6 29 -1 -1 64 
35 0
prefix: 1 6 29 -1 -1 66 
35 0
prefix: 1 6 -1 35 
19 0
prefix: 1 6 -1 57 
35 0
64 1
66 1
prefix: 1 6 -1 57 64 
35 0
prefix: 1 6 -1 57 66 
35 0
prefix: 1 6 -1 64 
35 0
prefix: 1 6 -1 66 
35 0
prefix: 1 6 70 
19 0
29 2
35 0
57 0
64 0
66 0
prefix: 1 6 70 29 
19 0
35 0
57 0
64 0
66 0
prefix: 1 6 70 29 -1 -1 -1 35 
19 0
prefix: 1 6 70 29 -1 -1 -1 57 
35 0
64 1
66 1
prefix: 1 6 70 29 -1 -1 -1 57 64 
35 0
prefix: 1 6 70 29 -1 -1 -1 57 66 
35 0
prefix: 1 6 70 29 -1 -1 -1 64 
35 0
prefix: 1 6 70 29 -1 -1 -1 66 
35 0
prefix: 1 6 70 -1 -1 35 
19 0
prefix: 1 6 70 -1 -1 57 
35 0
64 1
66 1
prefix: 1 6 70 -1 -1 57 64 
35 0
prefix: 1 6 70 -1 -1 57 66 
35 0
prefix: 1 6 70 -1 -1 64 
35 0
prefix: 1 6 70 -1 -1 66 
35 0
prefix: 1 29 
19 0
35 0
57 0
64 0
66 0
prefix: 1 29 -1 35 
19 0
prefix: 1 29 -1 57 
35 0
64 1
66 1
prefix: 1 29 -1 57 64 
35 0
prefix: 1 29 -1 57 66 
35 0
prefix: 1 29 -1 64 
35 0
prefix: 1 29 -1 66 
35 0
prefix: 1 31 
6 1
19 0
29 1
35 0
57 1
64 1
66 1
70 1
prefix: 1 31 6 
19 0
29 2
35 0
57 1
64 1
66 1
70 2
prefix: 1 31 6 29 
19 0
35 0
57 1
64 1
66 1
prefix: 1 31 6 29 -1 -1 -1 35 
19 0
prefix: 1 31 6 29 -1 -1 57 
35 0
64 2
66 2
prefix: 1 31 6 29 -1 -1 57 64 
35 0
prefix: 1 31 6 29 -1 -1 57 66 
35 0
prefix: 1 31 6 29 -1 -1 64 
35 0
prefix: 1 31 6 29 -1 -1 66 
35 0
prefix: 1 31 6 -1 -1 35 
19 0
prefix: 1 31 6 -1 57 
35 0
64 2
66 2
prefix: 1 31 6 -1 57 64 
35 0
prefix: 1 31 6 -1 57 66 
35 0
prefix: 1 31 6 -1 64 
35 0
prefix: 1 31 6 -1 66 
35 0
prefix: 1 31 6 70 
19 0
29 3
35 0
57 1
64 1
66 1
prefix: 1 31 6 70 29 
19 0
35 0
57 1
64 1
66 1
prefix: 1 31 6 70 29 -1 -1 -1 -1 35 
19 0
prefix: 1 31 6 70 29 -1 -1 -1 57 
35 0
64 2
66 2
prefix: 1 31 6 70 29 -1 -1 -1 57 64 
35 0
prefix: 1 31 6 70 29 -1 -1 -1 57 66 
35 0
prefix: 1 31 6 70 29 -1 -1 -1 64 
35 0
prefix: 1 31 6 70 29 -1 -1 -1 66 
35 0
prefix: 1 31 6 70 -1 -1 -1 35 
19 0
prefix: 1 31 6 70 -1 -1 57 
35 0
64 2
66 2
prefix: 1 31 6 70 -1 -1 57 64 
35 0
prefix: 1 31 6 70 -1 -1 57 66 
35 0
prefix: 1 31 6 70 -1 -1 64 
35 0
prefix: 1 31 6 70 -1 -1 66 
35 0
prefix: 1 31 29 
19 0
35 0
57 1
64 1
66 1
prefix: 1 31 29 -1 -1 35 
19 0
prefix: 1 31 29 -1 57 
35 0
64 2
66 2
prefix: 1 31 29 -1 57 64 
35 0
prefix: 1 31 29 -1 57 66 
35 0
prefix: 1 31 29 -1 64 
35 0
prefix: 1 31 29 -1 66 
35 0
prefix: 1 31 -1 35 
19 0
prefix: 1 31 57 
19 0
35 0
64 2
66 2
prefix: 1 31 57 -1 -1 35 
19 0
prefix: 1 31 57 64 
19 0
35 0
66 2
prefix: 1 31 57 64 -1 -1 -1 35 
19 0
prefix: 1 31 57 64 -1 66 
19 0
35 0
prefix: 1 31 57 64 -1 66 -1 -1 -1 35 
19 0
prefix: 1 31 57 66 
19 0
35 0
prefix: 1 31 57 66 -1 -1 -1 35 
19 0
prefix: 1 31 64 
19 0
35 0
66 1
prefix: 1 31 64 -1 -1 35 
19 0
prefix: 1 31 64 -1 66 
19 0
35 0
prefix: 1 31 64 -1 66 -1 -1 35 
19 0
prefix: 1 31 66 
19 0
35 0
prefix: 1 31 66 -1 -1 35 
19 0
prefix: 1 31 70 
19 0
29 2
35 0
57 1
64 1
66 1
prefix: 1 31 70 29 
19 0
35 0
57 1
64 1
66 1
prefix: 1 31 70 29 -1 -1 -1 35 
19 0
prefix: 1 31 70 29 -1 -1 57 
35 0
64 2
66 2
prefix: 1 31 70 29 -1 -1 57 64 
35 0
prefix: 1 31 70 29 -1 -1 57 66 
35 0
prefix: 1 31 70 29 -1 -1 64 
35 0
prefix: 1 31 70 29 -1 -1 66 
35 0
prefix: 1 31 70 -1 -1 35 
19 0
prefix: 1 31 70 -1 57 
35 0
64 2
66 2
prefix: 1 31 70 -1 57 64 
35 0
prefix: 1 31 70 -1 57 66 
35 0
prefix: 1 31 70 -1 64 
35 0
prefix: 1 31 70 -1 66 
35 0
prefix: 1 35 
19 0
prefix: 1 57 
19 0
35 0
64 1
66 1
prefix: 1 57 -1 35 
19 0
prefix: 1 57 64 
19 0
35 0
66 1
prefix: 1 57 64 -1 -1 35 
19 0
prefix: 1 57 64 -1 66 
19 0
35 0
prefix: 1 57 64 -1 66 -1 -1 35 
19 0
prefix: 1 57 66 
19 0
35 0
prefix: 1 57 66 -1 -1 35 
19 0
prefix: 1 64 
19 0
35 0
66 0
prefix: 1 64 -1 35 
19 0
prefix: 1 64 -1 66 
19 0
35 0
prefix: 1 64 -1 66 -1 35 
19 0
prefix: 1 66 
19 0
35 0
prefix: 1 66 -1 35 
19 0
prefix: 1 70 
19 0
29 1
35 0
57 0
64 0
66 0
prefix: 1 70 29 
19 0
35 0
57 0
64 0
66 0
prefix: 1 70 29 -1 -1 35 
19 0
prefix: 1 70 29 -1 -1 57 
35 0
64 1
66 1
prefix: 1 70 29 -1 -1 57 64 
35 0
prefix: 1 70 29 -1 -1 57 66 
35 0
prefix: 1 70 29 -1 -1 64 
35 0
prefix: 1 70 29 -1 -1 66 
35 0
prefix: 1 70 -1 35 
19 0
prefix: 1 70 -1 57 
35 0
64 1
66 1
prefix: 1 70 -1 57 64 
35 0
prefix: 1 70 -1 57 66 
35 0
prefix: 1 70 -1 64 
35 0
prefix: 1 70 -1 66 
35 0
prefix: 3 
26 0
37 0
prefix: 6 
29 0
62 0
70 0
97 0
prefix: 6 62 
29 0
97 1
prefix: 6 62 97 
29 0
prefix: 6 70 
29 1
62 1
97 1
prefix: 6 70 62 
29 1
97 2
prefix: 6 70 62 97 
29 1
prefix: 6 70 97 
29 1
prefix: 6 97 
29 0
prefix: 7 
8 0
99 0
prefix: 7 99 
8 1
prefix: 11 
3 0
8 0
15 0
18 0
26 0
29 0
54 0
64 0
66 0
71 0
89 0
90 0
95 0
prefix: 11 3 
54 0
prefix: 11 8 
3 0
54 0
prefix: 11 8 -1 3 
54 0
prefix: 11 15 
3 0
8 0
15 1
26 1
26 0
29 1
29 0
64 1
66 1
89 1
89 0
90 1
95 1
95 0
prefix: 11 15 -1 8 
3 0
prefix: 11 15 15 
3 0
26 1
29 1
89 0
95 1
prefix: 11 15 15 -1 26 
3 0
89 0
95 2
prefix: 11 15 15 -1 26 -1 -1 89 
3 1
prefix: 11 15 15 -1 26 95 
3 0
89 0
prefix: 11 15 15 -1 26 95 -1 -1 -1 89 
3 1
prefix: 11 15 15 -1 29 
3 0
26 2
89 0
95 2
prefix: 11 15 15 -1 29 26 
3 0
89 0
95 3
prefix: 11 15 15 -1 29 26 -1 -1 -1 89 
3 1
prefix: 11 15 15 -1 29 26 -1 95 
3 0
89 0
prefix: 11 15 15 -1 29 26 -1 95 -1 -1 -1 89 
3 1
prefix: 11 15 15 -1 29 -1 -1 89 
3 1
prefix: 11 15 15 -1 29 95 
3 0
89 0
prefix: 11 15 15 -1 29 95 -1 -1 -1 89 
3 1
prefix: 11 15 15 -1 -1 89 
3 1
prefix: 11 15 15 -1 95 
3 0
89 0
prefix: 11 15 15 -1 95 -1 -1 89 
3 1
prefix: 11 15 26 
3 0
8 0
89 2
89 0
95 2
prefix: 11 15 26 -1 -1 8 
3 0
prefix: 11 15 26 -1 -1 89 
3 1
8 1
prefix: 11 15 26 -1 -1 89 8 
3 1
prefix: 11 15 26 95 
3 0
8 0
89 0
prefix: 11 15 26 95 -1 -1 -1 8 
3 0
prefix: 11 15 26 95 -1 -1 -1 89 
3 1
8 1
prefix: 11 15 26 95 -1 -1 -1 89 8 
3 1
prefix: 11 15 -1 26 
3 0
89 0
95 1
prefix: 11 15 -1 26 -1 89 
3 1
prefix: 11 15 -1 26 95 
3 0
89 0
prefix: 11 15 -1 26 95 -1 -1 89 
3 1
prefix: 11 15 29 
3 0
8 0
26 2
64 2
89 2
89 0
95 2
prefix: 11 15 29 -1 -1 8 
3 0
prefix: 11 15 29 26 
3 0
8 0
89 3
89 0
95 3
prefix: 11 15 29 26 -1 -1 -1 8 
3 0
prefix: 11 15 29 26 -1 -1 -1 89 
3 1
8 1
prefix: 11 15 29 26 -1 -1 -1 89 8 
3 1
prefix: 11 15 29 26 95 
3 0
8 0
89 0
prefix: 11 15 29 26 95 -1 -1 -1 -1 8 
3 0
prefix: 11 15 29 26 95 -1 -1 -1 -1 89 
3 1
8 1
prefix: 11 15 29 26 95 -1 -1 -1 -1 89 8 
3 1
prefix: 11 15 29 64 
3 0
89 0
prefix: 11 15 29 64 -1 -1 -1 89 
3 1
prefix: 11 15 29 -1 -1 89 
3 1
8 1
prefix: 11 15 29 -1 -1 89 8 
3 1
prefix: 11 15 29 95 
3 0
8 0
89 0
prefix: 11 15 29 95 -1 -1 -1 8 
3 0
prefix: 11 15 29 95 -1 -1 -1 89 
3 1
8 1
prefix: 11 15 29 95 -1 -1 -1 89 8 
3 1
prefix: 11 15 -1 29 
3 0
26 1
89 0
95 1
prefix: 11 15 -1 29 26 
3 0
89 0
95 2
prefix: 11 15 -1 29 26 -1 -1 89 
3 1
prefix: 11 15 -1 29 26 -1 95 
3 0
89 0
prefix: 11 15 -1 29 26 -1 95 -1 -1 89 
3 1
prefix: 11 15 -1 29 -1 89 
3 1
prefix: 11 15 -1 29 95 
3 0
89 0
prefix: 11 15 -1 29 95 -1 -1 89 
3 1
prefix: 11 15 64 
3 0
89 0
prefix: 11 15 64 -1 -1 89 
3 1
prefix: 11 15 66 
3 0
15 2
26 1
29 1
89 0
90 2
95 1
prefix: 11 15 66 15 
3 0
26 1
29 1
89 0
95 1
prefix: 11 15 66 15 -1 -1 26 
3 0
89 0
95 2
prefix: 11 15 66 15 -1 -1 26 -1 -1 89 
3 1
prefix: 11 15 66 15 -1 -1 26 95 
3 0
89 0
prefix: 11 15 66 15 -1 -1 26 95 -1 -1 -1 89 
3 1
prefix: 11 15 66 15 -1 -1 29 
3 0
26 2
89 0
95 2
prefix: 11 15 66 15 -1 -1 29 26 
3 0
89 0
95 3
prefix: 11 15 66 15 -1 -1 29 26 -1 -1 -1 89 
3 1
prefix: 11 15 66 15 -1 -1 29 26 95 
3 0
89 0
prefix: 11 15 66 15 -1 -1 29 26 95 -1 -1 -1 -1 89 
3 1
prefix: 11 15 66 15 -1 -1 29 -1 -1 89 
3 1
prefix: 11 15 66 15 -1 -1 29 95 
3 0
89 0
prefix: 11 15 66 15 -1 -1 29 95 -1 -1 -1 89 
3 1
prefix: 11 15 66 15 -1 -1 -1 89 
3 1
prefix: 11 15 66 15 -1 -1 95 
3 0
89 0
prefix: 11 15 66 15 -1 -1 95 -1 -1 89 
3 1
prefix: 11 15 66 -1 26 
3 0
89 0
95 2
prefix: 11 15 66 -1 26 -1 -1 89 
3 1
prefix: 11 15 66 -1 26 95 
3 0
89 0
prefix: 11 15 66 -1 26 95 -1 -1 -1 89 
3 1
prefix: 11 15 66 -1 29 
3 0
26 2
89 0
95 2
prefix: 11 15 66 -1 29 26 
3 0
89 0
95 3
prefix: 11 15 66 -1 29 26 -1 -1 -1 89 
3 1
prefix: 11 15 66 -1 29 26 -1 95 
3 0
89 0
prefix: 11 15 66 -1 29 26 -1 95 -1 -1 -1 89 
3 1
prefix: 11 15 66 -1 29 -1 -1 89 
3 1
prefix: 11 15 66 -1 29 95 
3 0
89 0
prefix: 11 15 66 -1 29 95 -1 -1 -1 89 
3 1
prefix: 11 15 66 -1 -1 89 
3 1
prefix: 11 15 66 90 
3 0
15 3
26 1
29 1
89 0
95 1
prefix: 11 15 66 90 15 
3 0
26 1
29 1
89 0
95 1
prefix: 11 15 66 90 15 -1 -1 -1 26 
3 0
89 0
95 2
prefix: 11 15 66 90 15 -1 -1 -1 26 -1 -1 89 
3 1
prefix: 11 15 66 90 15 -1 -1 -1 26 95 
3 0
89 0
prefix: 11 15 66 90 15 -1 -1 -1 26 95 -1 -1 -1 89 
3 1
prefix: 11 15 66 90 15 -1 -1 -1 29 
3 0
26 2
89 0
95 2
prefix: 11 15 66 90 15 -1 -1 -1 29 26 
3 0
89 0
95 3
prefix: 11 15 66 90 15 -1 -1 -1 29 26 -1 -1 -1 89 
3 1
prefix: 11 15 66 90 15 -1 -1 -1 29 26 95 
3 0
89 0
prefix: 11 15 66 90 15 -1 -1 -1 29 26 95 -1 -1 -1 -1 89 
3 1
prefix: 11 15 66 90 15 -1 -1 -1 29 -1 -1 89 
3 1
prefix: 11 15 66 90 15 -1 -1 -1 29 95 
3 0
89 0
prefix: 11 15 66 90 15 -1 -1 -1 29 95 -1 -1 -1 89 
3 1
prefix: 11 15 66 90 15 -1 -1 -1 -1 89 
3 1
prefix: 11 15 66 90 15 -1 -1 -1 95 
3 0
89 0
prefix: 11 15 66 90 15 -1 -1 -1 95 -1 -1 89 
3 1
prefix: 11 15 66 90 -1 -1 26 
3 0
89 0
95 2
prefix: 11 15 66 90 -1 -1 26 -1 -1 89 
3 1
prefix: 11 15 66 90 -1 -1 26 95 
3 0
89 0
prefix: 11 15 66 90 -1 -1 26 95 -1 -1 -1 89 
3 1
prefix: 11 15 66 90 -1 -1 29 
3 0
26 2
89 0
95 2
prefix: 11 15 66 90 -1 -1 29 26 
3 0
89 0
95 3
prefix: 11 15 66 90 -1 -1 29 26 -1 -1 -1 89 
3 1
prefix: 11 15 66 90 -1 -1 29 26 95 
3 0
89 0
prefix: 11 15 66 90 -1 -1 29 26 95 -1 -1 -1 -1 89 
3 1
prefix: 11 15 66 90 -1 -1 29 -1 -1 89 
3 1
prefix: 11 15 66 90 -1 -1 29 95 
3 0
89 0
prefix: 11 15 66 90 -1 -1 29 95 -1 -1 -1 89 
3 1
prefix: 11 15 66 90 -1 -1 -1 89 
3 1
prefix: 11 15 66 90 -1 -1 95 
3 0
89 0
prefix: 11 15 66 90 -1 -1 95 -1 -1 89 
3 1
prefix: 11 15 66 -1 95 
3 0
89 0
prefix: 11 15 66 -1 95 -1 -1 89 
3 1
prefix: 11 15 -1 89 
3 1
8 1
prefix: 11 15 -1 89 8 
3 1
prefix: 11 15 90 
3 0
15 2
26 1
29 1
89 0
95 1
prefix: 11 15 90 15 
3 0
26 1
29 1
89 0
95 1
prefix: 11 15 90 15 -1 -1 26 
3 0
89 0
95 2
prefix: 11 15 90 15 -1 -1 26 -1 -1 89 
3 1
prefix: 11 15 90 15 -1 -1 26 95 
3 0
89 0
prefix: 11 15 90 15 -1 -1 26 95 -1 -1 -1 89 
3 1
prefix: 11 15 90 15 -1 -1 29 
3 0
26 2
89 0
95 2
prefix: 11 15 90 15 -1 -1 29 26 
3 0
89 0
95 3
prefix: 11 15 90 15 -1 -1 29 26 -1 -1 -1 89 
3 1
prefix: 11 15 90 15 -1 -1 29 26 95 
3 0
89 0
prefix: 11 15 90 15 -1 -1 29 26 95 -1 -1 -1 -1 89 
3 1
prefix: 11 15 90 15 -1 -1 29 -1 -1 89 
3 1
prefix: 11 15 90 15 -1 -1 29 95 
3 0
89 0
prefix: 11 15 90 15 -1 -1 29 95 -1 -1 -1 89 
3 1
prefix: 11 15 90 15 -1 -1 -1 89 
3 1
prefix: 11 15 90 15 -1 -1 95 
3 0
89 0
prefix: 11 15 90 15 -1 -1 95 -1 -1 89 
3 1
prefix: 11 15 90 -1 26 
3 0
89 0
95 2
prefix: 11 15 90 -1 26 -1 -1 89 
3 1
prefix: 11 15 90 -1 26 95 
3 0
89 0
prefix: 11 15 90 -1 26 95 -1 -1 -1 89 
3 1
prefix: 11 15 90 -1 29 
3 0
26 2
89 0
95 2
prefix: 11 15 90 -1 29 26 
3 0
89 0
95 3
prefix: 11 15 90 -1 29 26 -1 -1 -1 89 
3 1
prefix: 11 15 90 -1 29 26 -1 95 
3 0
89 0
prefix: 11 15 90 -1 29 26 -1 95 -1 -1 -1 89 
3 1
prefix: 11 15 90 -1 29 -1 -1 89 
3 1
prefix: 11 15 90 -1 29 95 
3 0
89 0
prefix: 11 15 90 -1 29 95 -1 -1 -1 89 
3 1
prefix: 11 15 90 -1 -1 89 
3 1
prefix: 11 15 90 -1 95 
3 0
89 0
prefix: 11 15 90 -1 95 -1 -1 89 
3 1
prefix: 11 15 95 
3 0
8 0
89 0
prefix: 11 15 95 -1 -1 8 
3 0
prefix: 11 15 95 -1 -1 89 
3 1
8 1
prefix: 11 15 95 -1 -1 89 8 
3 1
prefix: 11 15 -1 95 
3 0
89 0
prefix: 11 15 -1 95 -1 89 
3 1
prefix: 11 26 
3 0
8 0
89 1
89 0
95 1
prefix: 11 26 -1 8 
3 0
prefix: 11 26 -1 89 
3 1
8 1
prefix: 11 26 -1 89 8 
3 1
prefix: 11 26 95 
3 0
8 0
89 0
prefix: 11 26 95 -1 -1 8 
3 0
prefix: 11 26 95 -1 -1 89 
3 1
8 1
prefix: 11 26 95 -1 -1 89 8 
3 1
prefix: 11 29 
3 0
8 0
26 1
64 1
89 1
89 0
95 1
prefix: 11 29 -1 8 
3 0
prefix: 11 29 26 
3 0
8 0
89 2
89 0
95 2
prefix: 11 29 26 -1 -1 8 
3 0
prefix: 11 29 26 -1 -1 89 
3 1
8 1
prefix: 11 29 26 -1 -1 89 8 
3 1
prefix: 11 29 26 95 
3 0
8 0
89 0
prefix: 11 29 26 95 -1 -1 -1 8 
3 0
prefix: 11 29 26 95 -1 -1 -1 89 
3 1
8 1
prefix: 11 29 26 95 -1 -1 -1 89 8 
3 1
prefix: 11 29 64 
3 0
89 0
prefix: 11 29 64 -1 -1 89 
3 1
prefix: 11 29 -1 89 
3 1
8 1
prefix: 11 29 -1 89 8 
3 1
prefix: 11 29 95 
3 0
8 0
89 0
prefix: 11 29 95 -1 -1 8 
3 0
prefix: 11 29 95 -1 -1 89 
3 1
8 1
prefix: 11 29 95 -1 -1 89 8 
3 1
prefix: 11 64 
3 0
89 0
prefix: 11 64 -1 89 
3 1
prefix: 11 66 
3 0
15 1
26 0
29 0
89 0
90 1
95 0
prefix: 11 66 15 
3 0
26 0
29 0
89 0
95 0
prefix: 11 66 15 -1 -1 26 
3 0
89 0
95 1
prefix: 11 66 15 -1 -1 26 -1 89 
3 1
prefix: 11 66 15 -1 -1 26 95 
3 0
89 0
prefix: 11 66 15 -1 -1 26 95 -1 -1 89 
3 1
prefix: 11 66 15 -1 -1 29 
3 0
26 1
89 0
95 1
prefix: 11 66 15 -1 -1 29 26 
3 0
89 0
95 2
prefix: 11 66 15 -1 -1 29 26 -1 -1 89 
3 1
prefix: 11 66 15 -1 -1 29 26 95 
3 0
89 0
prefix: 11 66 15 -1 -1 29 26 95 -1 -1 -1 89 
3 1
prefix: 11 66 15 -1 -1 29 -1 89 
3 1
prefix: 11 66 15 -1 -1 29 95 
3 0
89 0
prefix: 11 66 15 -1 -1 29 95 -1 -1 89 
3 1
prefix: 11 66 15 -1 -1 89 
3 1
prefix: 11 66 15 -1 -1 95 
3 0
89 0
prefix: 11 66 15 -1 -1 95 -1 89 
3 1
prefix: 11 66 -1 26 
3 0
89 0
95 1
prefix: 11 66 -1 26 -1 89 
3 1
prefix: 11 66 -1 26 95 
3 0
89 0
prefix: 11 66 -1 26 95 -1 -1 89 
3 1
prefix: 11 66 -1 29 
3 0
26 1
89 0
95 1
prefix: 11 66 -1 29 26 
3 0
89 0
95 2
prefix: 11 66 -1 29 26 -1 -1 89 
3 1
prefix: 11 66 -1 29 26 -1 95 
3 0
89 0
prefix: 11 66 -1 29 26 -1 95 -1 -1 89 
3 1
prefix: 11 66 -1 29 -1 89 
3 1
prefix: 11 66 -1 29 95 
3 0
89 0
prefix: 11 66 -1 29 95 -1 -1 89 
3 1
prefix: 11 66 -1 89 
3 1
prefix: 11 66 90 
3 0
15 2
26 0
29 0
89 0
95 0
prefix: 11 66 90 15 
3 0
26 0
29 0
89 0
95 0
prefix: 11 66 90 15 -1 -1 -1 26 
3 0
89 0
95 1
prefix: 11 66 90 15 -1 -1 -1 26 -1 89 
3 1
prefix: 11 66 90 15 -1 -1 -1 26 95 
3 0
89 0
prefix: 11 66 90 15 -1 -1 -1 26 95 -1 -1 89 
3 1
prefix: 11 66 90 15 -1 -1 -1 29 
3 0
26 1
89 0
95 1
prefix: 11 66 90 15 -1 -1 -1 29 26 
3 0
89 0
95 2
prefix: 11 66 90 15 -1 -1 -1 29 26 -1 -1 89 
3 1
prefix: 11 66 90 15 -1 -1 -1 29 26 95 
3 0
89 0
prefix: 11 66 90 15 -1 -1 -1 29 26 95 -1 -1 -1 89 
3 1
prefix: 11 66 90 15 -1 -1 -1 29 -1 89 
3 1
prefix: 11 66 90 15 -1 -1 -1 29 95 
3 0
89 0
prefix: 11 66 90 15 -1 -1 -1 29 95 -1 -1 89 
3 1
prefix: 11 66 90 15 -1 -1 -1 89 
3 1
prefix: 11 66 90 15 -1 -1 -1 95 
3 0
89 0
prefix: 11 66 90 15 -1 -1 -1 95 -1 89 
3 1
prefix: 11 66 90 -1 -1 26 
3 0
89 0
95 1
prefix: 11 66 90 -1 -1 26 -1 89 
3 1
prefix: 11 66 90 -1 -1 26 95 
3 0
89 0
prefix: 11 66 90 -1 -1 26 95 -1 -1 89 
3 1
prefix: 11 66 90 -1 -1 29 
3 0
26 1
89 0
95 1
prefix: 11 66 90 -1 -1 29 26 
3 0
89 0
95 2
prefix: 11 66 90 -1 -1 29 26 -1 -1 89 
3 1
prefix: 11 66 90 -1 -1 29 26 95 
3 0
89 0
prefix: 11 66 90 -1 -1 29 26 95 -1 -1 -1 89 
3 1
prefix: 11 66 90 -1 -1 29 -1 89 
3 1
prefix: 11 66 90 -1 -1 29 95 
3 0
89 0
prefix: 11 66 90 -1 -1 29 95 -1 -1 89 
3 1
prefix: 11 66 90 -1 -1 89 
3 1
prefix: 11 66 90 -1 -1 95 
3 0
89 0
prefix: 11 66 90 -1 -1 95 -1 89 
3 1
prefix: 11 66 -1 95 
3 0
89 0
prefix: 11 66 -1 95 -1 89 
3 1
prefix: 11 89 
3 1
8 1
54 1
prefix: 11 89 3 
54 1
prefix: 11 89 8 
3 1
54 1
prefix: 11 89 8 -1 3 
54 1
prefix: 11 90 
3 0
15 1
26 0
29 0
89 0
95 0
prefix: 11 90 15 
3 0
26 0
29 0
89 0
95 0
prefix: 11 90 15 -1 -1 26 
3 0
89 0
95 1
prefix: 11 90 15 -1 -1 26 -1 89 
3 1
prefix: 11 90 15 -1 -1 26 95 
3 0
89 0
prefix: 11 90 15 -1 -1 26 95 -1 -1 89 
3 1
prefix: 11 90 15 -1 -1 29 
3 0
26 1
89 0
95 1
prefix: 11 90 15 -1 -1 29 26 
3 0
89 0
95 2
prefix: 11 90 15 -1 -1 29 26 -1 -1 89 
3 1
prefix: 11 90 15 -1 -1 29 26 95 
3 0
89 0
prefix: 11 90 15 -1 -1 29 26 95 -1 -1 -1 89 
3 1
prefix: 11 90 15 -1 -1 29 -1 89 
3 1
prefix: 11 90 15 -1 -1 29 95 
3 0
89 0
prefix: 11 90 15 -1 -1 29 95 -1 -1 89 
3 1
prefix: 11 90 15 -1 -1 89 
3 1
prefix: 11 90 15 -1 -1 95 
3 0
89 0
prefix: 11 90 15 -1 -1 95 -1 89 
3 1
prefix: 11 90 -1 26 
3 0
89 0
95 1
prefix: 11 90 -1 26 -1 89 
3 1
prefix: 11 90 -1 26 95 
3 0
89 0
prefix: 11 90 -1 26 95 -1 -1 89 
3 1
prefix: 11 90 -1 29 
3 0
26 1
89 0
95 1
prefix: 11 90 -1 29 26 
3 0
89 0
95 2
prefix: 11 90 -1 29 26 -1 -1 89 
3 1
prefix: 11 90 -1 29 26 -1 95 
3 0
89 0
prefix: 11 90 -1 29 26 -1 95 -1 -1 89 
3 1
prefix: 11 90 -1 29 -1 89 
3 1
prefix: 11 90 -1 29 95 
3 0
89 0
prefix: 11 90 -1 29 95 -1 -1 89 
3 1
prefix: 11 90 -1 89 
3 1
prefix: 11 90 -1 95 
3 0
89 0
prefix: 11 90 -1 95 -1 89 
3 1
prefix: 11 95 
3 0
8 0
89 0
prefix: 11 95 -1 8 
3 0
prefix: 11 95 -1 89 
3 1
8 1
prefix: 11 95 -1 89 8 
3 1
prefix: 13 
41 0
84 0
prefix: 13 41 
84 0
prefix: 15 
15 0
18 0
26 0
29 0
53 0
64 0
66 0
89 0
90 0
93 0
95 0
prefix: 15 15 
26 0
29 0
53 0
64 0
89 0
95 0
prefix: 15 15 -1 26 
64 0
89 1
95 1
prefix: 15 15 -1 26 95 
64 0
89 1
prefix: 15 15 -1 29 
26 1
64 1
89 1
95 1
prefix: 15 15 -1 29 26 
64 1
89 2
95 2
prefix: 15 15 -1 29 26 -1 95 
64 1
89 2
prefix: 15 15 -1 29 95 
64 1
89 1
prefix: 15 15 -1 53 
26 0
29 0
64 0
89 0
95 0
prefix: 15 15 -1 53 -1 26 
89 1
95 1
prefix: 15 15 -1 53 -1 26 95 
89 1
prefix: 15 15 -1 53 -1 29 
26 1
64 1
89 1
95 1
prefix: 15 15 -1 53 -1 29 26 
89 2
95 2
prefix: 15 15 -1 53 -1 29 26 -1 95 
89 2
prefix: 15 15 -1 53 -1 29 95 
89 1
prefix: 15 15 -1 53 -1 95 
89 0
prefix: 15 15 -1 95 
64 0
89 0
prefix: 15 18 
15 0
26 0
29 0
53 0
64 0
90 0
95 0
prefix: 15 18 -1 15 
26 0
29 0
53 0
64 0
95 0
prefix: 15 18 -1 15 -1 26 
95 1
prefix: 15 18 -1 15 -1 29 
26 1
64 1
95 1
prefix: 15 18 -1 15 -1 29 26 
95 2
prefix: 15 18 -1 15 -1 53 
29 0
prefix: 15 18 -1 26 
95 1
prefix: 15 18 -1 29 
26 1
64 1
95 1
prefix: 15 18 -1 29 26 
95 2
prefix: 15 18 -1 53 
29 0
prefix: 15 18 -1 90 
15 1
26 0
29 0
53 0
64 0
95 0
prefix: 15 18 -1 90 15 
26 0
29 0
53 0
64 0
95 0
prefix: 15 18 -1 90 15 -1 -1 26 
95 1
prefix: 15 18 -1 90 15 -1 -1 29 
26 1
64 1
95 1
prefix: 15 18 -1 90 15 -1 -1 29 26 
95 2
prefix: 15 18 -1 90 15 -1 -1 53 
29 0
prefix: 15 18 -1 90 -1 26 
95 1
prefix: 15 18 -1 90 -1 29 
26 1
64 1
95 1
prefix: 15 18 -1 90 -1 29 26 
95 2
prefix: 15 18 -1 90 -1 53 
29 0
prefix: 15 26 
64 0
89 1
95 1
prefix: 15 26 89 
64 0
prefix: 15 26 95 
64 0
89 1
prefix: 15 29 
26 1
64 1
89 1
95 1
prefix: 15 29 26 
64 1
89 2
95 2
prefix: 15 29 26 89 
64 1
prefix: 15 29 26 95 
64 1
89 2
prefix: 15 29 89 
64 1
prefix: 15 29 95 
64 1
89 1
prefix: 15 53 
26 0
29 0
64 0
89 0
95 0
prefix: 15 53 -1 26 
89 1
95 1
prefix: 15 53 -1 26 95 
89 1
prefix: 15 53 -1 29 
26 1
64 1
89 1
95 1
prefix: 15 53 -1 29 26 
89 2
95 2
prefix: 15 53 -1 29 26 -1 95 
89 2
prefix: 15 53 -1 29 95 
89 1
prefix: 15 53 -1 95 
89 0
prefix: 15 66 
15 1
18 1
26 0
29 0
53 1
64 0
89 0
90 1
93 1
95 0
prefix: 15 66 15 
26 0
29 0
53 1
64 0
89 0
95 0
prefix: 15 66 15 -1 -1 26 
64 0
89 1
95 1
prefix: 15 66 15 -1 -1 26 95 
64 0
89 1
prefix: 15 66 15 -1 -1 29 
26 1
64 1
89 1
95 1
prefix: 15 66 15 -1 -1 29 26 
64 1
89 2
95 2
prefix: 15 66 15 -1 -1 29 26 95 
64 1
89 2
prefix: 15 66 15 -1 -1 29 95 
64 1
89 1
prefix: 15 66 15 -1 53 
26 0
29 0
64 0
89 0
95 0
prefix: 15 66 15 -1 53 -1 -1 26 
89 1
95 1
prefix: 15 66 15 -1 53 -1 -1 26 95 
89 1
prefix: 15 66 15 -1 53 -1 -1 29 
26 1
64 1
89 1
95 1
prefix: 15 66 15 -1 53 -1 -1 29 26 
89 2
95 2
prefix: 15 66 15 -1 53 -1 -1 29 26 95 
89 2
prefix: 15 66 15 -1 53 -1 -1 29 95 
89 1
prefix: 15 66 15 -1 53 -1 -1 95 
89 0
prefix: 15 66 15 -1 -1 95 
64 0
89 0
prefix: 15 66 18 
15 1
26 0
29 0
53 1
64 0
90 1
95 0
prefix: 15 66 18 -1 15 
26 0
29 0
53 1
64 0
95 0
prefix: 15 66 18 -1 15 -1 -1 26 
95 1
prefix: 15 66 18 -1 15 -1 -1 29 
26 1
64 1
95 1
prefix: 15 66 18 -1 15 -1 -1 29 26 
95 2
prefix: 15 66 18 -1 15 -1 53 
29 0
prefix: 15 66 18 -1 -1 26 
95 1
prefix: 15 66 18 -1 -1 29 
26 1
64 1
95 1
prefix: 15 66 18 -1 -1 29 26 
95 2
prefix: 15 66 18 -1 53 
29 0
prefix: 15 66 18 -1 90 
15 2
26 0
29 0
53 1
64 0
95 0
prefix: 15 66 18 -1 90 15 
26 0
29 0
53 1
64 0
95 0
prefix: 15 66 18 -1 90 15 -1 -1 -1 26 
95 1
prefix: 15 66 18 -1 90 15 -1 -1 -1 29 
26 1
64 1
95 1
prefix: 15 66 18 -1 90 15 -1 -1 -1 29 26 
95 2
prefix: 15 66 18 -1 90 15 -1 -1 53 
29 0
prefix: 15 66 18 -1 90 -1 -1 26 
95 1
prefix: 15 66 18 -1 90 -1 -1 29 
26 1
64 1
95 1
prefix: 15 66 18 -1 90 -1 -1 29 26 
95 2
prefix: 15 66 18 -1 90 -1 53 
29 0
prefix: 15 66 -1 26 
64 0
89 1
95 1
prefix: 15 66 -1 26 95 
64 0
89 1
prefix: 15 66 -1 29 
26 1
64 1
89 1
95 1
prefix: 15 66 -1 29 26 
64 1
89 2
95 2
prefix: 15 66 -1 29 26 -1 95 
64 1
89 2
prefix: 15 66 -1 29 95 
64 1
89 1
prefix: 15 66 53 
26 0
29 0
64 0
89 0
95 0
prefix: 15 66 53 -1 -1 26 
89 1
95 1
prefix: 15 66 53 -1 -1 26 95 
89 1
prefix: 15 66 53 -1 -1 29 
26 1
64 1
89 1
95 1
prefix: 15 66 53 -1 -1 29 26 
89 2
95 2
prefix: 15 66 53 -1 -1 29 26 95 
89 2
prefix: 15 66 53 -1 -1 29 95 
89 1
prefix: 15 66 53 -1 -1 95 
89 0
prefix: 15 66 90 
15 2
26 0
29 0
53 1
64 0
89 0
95 0
prefix: 15 66 90 15 
26 0
29 0
53 1
64 0
89 0
95 0
prefix: 15 66 90 15 -1 -1 -1 26 
64 0
89 1
95 1
prefix: 15 66 90 15 -1 -1 -1 26 95 
64 0
89 1
prefix: 15 66 90 15 -1 -1 -1 29 
26 1
64 1
89 1
95 1
prefix: 15 66 90 15 -1 -1 -1 29 26 
64 1
89 2
95 2
prefix: 15 66 90 15 -1 -1 -1 29 26 95 
64 1
89 2
prefix: 15 66 90 15 -1 -1 -1 29 95 
64 1
89 1
prefix: 15 66 90 15 -1 -1 53 
26 0
29 0
64 0
89 0
95 0
prefix: 15 66 90 15 -1 -1 53 -1 -1 26 
89 1
95 1
prefix: 15 66 90 15 -1 -1 53 -1 -1 26 95 
89 1
prefix: 15 66 90 15 -1 -1 53 -1 -1 29 
26 1
64 1
89 1
95 1
prefix: 15 66 90 15 -1 -1 53 -1 -1 29 26 
89 2
95 2
prefix: 15 66 90 15 -1 -1 53 -1 -1 29 26 95 
89 2
prefix: 15 66 90 15 -1 -1 53 -1 -1 29 95 
89 1
prefix: 15 66 90 15 -1 -1 53 -1 -1 95 
89 0
prefix: 15 66 90 15 -1 -1 -1 95 
64 0
89 0
prefix: 15 66 90 -1 -1 26 
64 0
89 1
95 1
prefix: 15 66 90 -1 -1 26 95 
64 0
89 1
prefix: 15 66 90 -1 -1 29 
26 1
64 1
89 1
95 1
prefix: 15 66 90 -1 -1 29 26 
64 1
89 2
95 2
prefix: 15 66 90 -1 -1 29 26 95 
64 1
89 2
prefix: 15 66 90 -1 -1 29 95 
64 1
89 1
prefix: 15 66 90 -1 53 
26 0
29 0
64 0
89 0
95 0
prefix: 15 66 90 -1 53 -1 -1 26 
89 1
95 1
prefix: 15 66 90 -1 53 -1 -1 26 95 
89 1
prefix: 15 66 90 -1 53 -1 -1 29 
26 1
64 1
89 1
95 1
prefix: 15 66 90 -1 53 -1 -1 29 26 
89 2
95 2
prefix: 15 66 90 -1 53 -1 -1 29 26 95 
89 2
prefix: 15 66 90 -1 53 -1 -1 29 95 
89 1
prefix: 15 66 90 -1 53 -1 -1 95 
89 0
prefix: 15 66 90 -1 -1 95 
64 0
89 0
prefix: 15 66 93 
15 1
18 2
26 0
29 0
53 1
64 0
90 1
95 0
prefix: 15 66 93 -1 15 
26 0
29 0
53 1
64 0
95 0
prefix: 15 66 93 -1 15 -1 -1 26 
95 1
prefix: 15 66 93 -1 15 -1 -1 29 
26 1
64 1
95 1
prefix: 15 66 93 -1 15 -1 -1 29 26 
95 2
prefix: 15 66 93 -1 15 -1 53 
29 0
prefix: 15 66 93 18 
15 1
26 0
29 0
53 1
64 0
90 1
95 0
prefix: 15 66 93 18 -1 -1 15 
26 0
29 0
53 1
64 0
95 0
prefix: 15 66 93 18 -1 -1 15 -1 -1 26 
95 1
prefix: 15 66 93 18 -1 -1 15 -1 -1 29 
26 1
64 1
95 1
prefix: 15 66 93 18 -1 -1 15 -1 -1 29 26 
95 2
prefix: 15 66 93 18 -1 -1 15 -1 53 
29 0
prefix: 15 66 93 18 -1 -1 -1 26 
95 1
prefix: 15 66 93 18 -1 -1 -1 29 
26 1
64 1
95 1
prefix: 15 66 93 18 -1 -1 -1 29 26 
95 2
prefix: 15 66 93 18 -1 -1 53 
29 0
prefix: 15 66 93 18 -1 -1 90 
15 2
26 0
29 0
53 1
64 0
95 0
prefix: 15 66 93 18 -1 -1 90 15 
26 0
29 0
53 1
64 0
95 0
prefix: 15 66 93 18 -1 -1 90 15 -1 -1 -1 26 
95 1
prefix: 15 66 93 18 -1 -1 90 15 -1 -1 -1 29 
26 1
64 1
95 1
prefix: 15 66 93 18 -1 -1 90 15 -1 -1 -1 29 26 
95 2
prefix: 15 66 93 18 -1 -1 90 15 -1 -1 53 
29 0
prefix: 15 66 93 18 -1 -1 90 -1 -1 26 
95 1
prefix: 15 66 93 18 -1 -1 90 -1 -1 29 
26 1
64 1
95 1
prefix: 15 66 93 18 -1 -1 90 -1 -1 29 26 
95 2
prefix: 15 66 93 18 -1 -1 90 -1 53 
29 0
prefix: 15 66 93 -1 -1 26 
95 1
prefix: 15 66 93 -1 -1 29 
26 1
64 1
95 1
prefix: 15 66 93 -1 -1 29 26 
95 2
prefix: 15 66 93 -1 53 
29 0
prefix: 15 66 93 -1 90 
15 2
26 0
29 0
53 1
64 0
95 0
prefix: 15 66 93 -1 90 15 
26 0
29 0
53 1
64 0
95 0
prefix: 15 66 93 -1 90 15 -1 -1 -1 26 
95 1
prefix: 15 66 93 -1 90 15 -1 -1 -1 29 
26 1
64 1
95 1
prefix: 15 66 93 -1 90 15 -1 -1 -1 29 26 
95 2
prefix: 15 66 93 -1 90 15 -1 -1 53 
29 0
prefix: 15 66 93 -1 90 -1 -1 26 
95 1
prefix: 15 66 93 -1 90 -1 -1 29 
26 1
64 1
95 1
prefix: 15 66 93 -1 90 -1 -1 29 26 
95 2
prefix: 15 66 93 -1 90 -1 53 
29 0
prefix: 15 66 -1 95 
64 0
89 0
prefix: 15 89 
64 0
prefix: 15 90 
15 1
26 0
29 0
53 0
64 0
89 0
95 0
prefix: 15 90 15 
26 0
29 0
53 0
64 0
89 0
95 0
prefix: 15 90 15 -1 -1 26 
64 0
89 1
95 1
prefix: 15 90 15 -1 -1 26 95 
64 0
89 1
prefix: 15 90 15 -1 -1 29 
26 1
64 1
89 1
95 1
prefix: 15 90 15 -1 -1 29 26 
64 1
89 2
95 2
prefix: 15 90 15 -1 -1 29 26 95 
64 1
89 2
prefix: 15 90 15 -1 -1 29 95 
64 1
89 1
prefix: 15 90 15 -1 -1 53 
26 0
29 0
64 0
89 0
95 0
prefix: 15 90 15 -1 -1 53 -1 26 
89 1
95 1
prefix: 15 90 15 -1 -1 53 -1 26 95 
89 1
prefix: 15 90 15 -1 -1 53 -1 29 
26 1
64 1
89 1
95 1
prefix: 15 90 15 -1 -1 53 -1 29 26 
89 2
95 2
prefix: 15 90 15 -1 -1 53 -1 29 26 95 
89 2
prefix: 15 90 15 -1 -1 53 -1 29 95 
89 1
prefix: 15 90 15 -1 -1 53 -1 95 
89 0
prefix: 15 90 15 -1 -1 95 
64 0
89 0
prefix: 15 90 -1 26 
64 0
89 1
95 1
prefix: 15 90 -1 26 95 
64 0
89 1
prefix: 15 90 -1 29 
26 1
64 1
89 1
95 1
prefix: 15 90 -1 29 26 
64 1
89 2
95 2
prefix: 15 90 -1 29 26 -1 95 
64 1
89 2
prefix: 15 90 -1 29 95 
64 1
89 1
prefix: 15 90 -1 53 
26 0
29 0
64 0
89 0
95 0
prefix: 15 90 -1 53 -1 26 
89 1
95 1
prefix: 15 90 -1 53 -1 26 95 
89 1
prefix: 15 90 -1 53 -1 29 
26 1
64 1
89 1
95 1
prefix: 15 90 -1 53 -1 29 26 
89 2
95 2
prefix: 15 90 -1 53 -1 29 26 -1 95 
89 2
prefix: 15 90 -1 53 -1 29 95 
89 1
prefix: 15 90 -1 53 -1 95 
89 0
prefix: 15 90 -1 95 
64 0
89 0
prefix: 15 93 
15 0
18 1
26 0
29 0
53 0
64 0
90 0
95 0
prefix: 15 93 -1 15 
26 0
29 0
53 0
64 0
95 0
prefix: 15 93 -1 15 -1 26 
95 1
prefix: 15 93 -1 15 -1 29 
26 1
64 1
95 1
prefix: 15 93 -1 15 -1 29 26 
95 2
prefix: 15 93 -1 15 -1 53 
29 0
prefix: 15 93 18 
15 0
26 0
29 0
53 0
64 0
90 0
95 0
prefix: 15 93 18 -1 -1 15 
26 0
29 0
53 0
64 0
95 0
prefix: 15 93 18 -1 -1 15 -1 26 
95 1
prefix: 15 93 18 -1 -1 15 -1 29 
26 1
64 1
95 1
prefix: 15 93 18 -1 -1 15 -1 29 26 
95 2
prefix: 15 93 18 -1 -1 15 -1 53 
29 0
prefix: 15 93 18 -1 -1 26 
95 1
prefix: 15 93 18 -1 -1 29 
26 1
64 1
95 1
prefix: 15 93 18 -1 -1 29 26 
95 2
prefix: 15 93 18 -1 -1 53 
29 0
prefix: 15 93 18 -1 -1 90 
15 1
26 0
29 0
53 0
64 0
95 0
prefix: 15 93 18 -1 -1 90 15 
26 0
29 0
53 0
64 0
95 0
prefix: 15 93 18 -1 -1 90 15 -1 -1 26 
95 1
prefix: 15 93 18 -1 -1 90 15 -1 -1 29 
26 1
64 1
95 1
prefix: 15 93 18 -1 -1 90 15 -1 -1 29 26 
95 2
prefix: 15 93 18 -1 -1 90 15 -1 -1 53 
29 0
prefix: 15 93 18 -1 -1 90 -1 26 
95 1
prefix: 15 93 18 -1 -1 90 -1 29 
26 1
64 1
95 1
prefix: 15 93 18 -1 -1 90 -1 29 26 
95 2
prefix: 15 93 18 -1 -1 90 -1 53 
29 0
prefix: 15 93 -1 26 
95 1
prefix: 15 93 -1 29 
26 1
64 1
95 1
prefix: 15 93 -1 29 26 
95 2
prefix: 15 93 -1 53 
29 0
prefix: 15 93 -1 90 
15 1
26 0
29 0
53 0
64 0
95 0
prefix: 15 93 -1 90 15 
26 0
29 0
53 0
64 0
95 0
prefix: 15 93 -1 90 15 -1 -1 26 
95 1
prefix: 15 93 -1 90 15 -1 -1 29 
26 1
64 1
95 1
prefix: 15 93 -1 90 15 -1 -1 29 26 
95 2
prefix: 15 93 -1 90 15 -1 -1 53 
29 0
prefix: 15 93 -1 90 -1 26 
95 1
prefix: 15 93 -1 90 -1 29 
26 1
64 1
95 1
prefix: 15 93 -1 90 -1 29 26 
95 2
prefix: 15 93 -1 90 -1 53 
29 0
prefix: 15 95 
64 0
89 0
prefix: 19 
3 0
26 0
37 0
41 0
45 0
65 0
prefix: 19 3 
37 1
prefix: 19 41 
26 1
45 1
65 1
prefix: 19 41 45 
26 2
prefix: 19 41 65 
26 1
45 1
prefix: 19 41 65 -1 45 
26 2
prefix: 19 45 
26 1
prefix: 19 65 
26 0
45 0
prefix: 19 65 -1 45 
26 1
prefix: 26 
59 0
89 0
95 0
prefix: 26 95 
89 0
prefix: 29 
26 0
64 0
89 0
95 0
prefix: 29 26 
64 0
89 1
95 1
prefix: 29 26 89 
64 0
prefix: 29 26 95 
64 0
89 1
prefix: 29 26 95 -1 89 
64 0
prefix: 29 89 
64 0
prefix: 29 95 
64 0
89 0
prefix: 29 95 -1 89 
64 0
prefix: 31 
6 0
29 0
57 0
62 0
64 0
66 0
70 0
97 0
prefix: 31 6 
29 1
57 0
62 1
64 0
66 0
70 1
97 1
prefix: 31 6 29 
57 0
64 0
66 0
prefix: 31 6 29 -1 -1 57 
64 1
66 1
prefix: 31 6 -1 57 
64 1
66 1
prefix: 31 6 62 
29 1
57 0
97 2
prefix: 31 6 62 -1 29 
57 0
prefix: 31 6 62 97 
29 1
57 0
prefix: 31 6 62 97 -1 -1 29 
57 0
prefix: 31 6 70 
29 2
57 0
62 2
64 0
66 0
97 2
prefix: 31 6 70 29 
57 0
64 0
66 0
prefix: 31 6 70 29 -1 -1 -1 57 
64 1
66 1
prefix: 31 6 70 -1 -1 57 
64 1
66 1
prefix: 31 6 70 62 
29 2
57 0
97 3
prefix: 31 6 70 62 -1 29 
57 0
prefix: 31 6 70 62 97 
29 2
57 0
prefix: 31 6 70 62 97 -1 -1 29 
57 0
prefix: 31 6 70 97 
29 2
57 0
prefix: 31 6 70 97 -1 29 
57 0
prefix: 31 6 97 
29 1
57 0
prefix: 31 6 97 -1 29 
57 0
prefix: 31 29 
57 0
64 0
66 0
prefix: 31 29 -1 57 
64 1
66 1
prefix: 31 57 
64 1
66 1
prefix: 31 57 64 
66 1
prefix: 31 62 
29 0
57 0
97 1
prefix: 31 62 -1 29 
57 0
prefix: 31 62 97 
29 0
57 0
prefix: 31 62 97 -1 -1 29 
57 0
prefix: 31 64 
66 0
prefix: 31 70 
29 1
57 0
62 1
64 0
66 0
97 1
prefix: 31 70 29 
57 0
64 0
66 0
prefix: 31 70 29 -1 -1 57 
64 1
66 1
prefix: 31 70 -1 57 
64 1
66 1
prefix: 31 70 62 
29 1
57 0
97 2
prefix: 31 70 62 -1 29 
57 0
prefix: 31 70 62 97 
29 1
57 0
prefix: 31 70 62 97 -1 -1 29 
57 0
prefix: 31 70 97 
29 1
57 0
prefix: 31 70 97 -1 29 
57 0
prefix: 31 97 
29 0
57 0
prefix: 31 97 -1 29 
57 0
prefix: 40 
11 0
71 0
prefix: 40 11 
71 1
prefix: 41 
26 0
45 0
65 0
prefix: 41 45 
26 1
prefix: 41 65 
26 0
45 0
prefix: 41 65 -1 45 
26 1
prefix: 43 
26 0
59 0
prefix: 43 26 
59 1
prefix: 45 
26 0
prefix: 46 
72 0
prefix: 49 
12 0
58 0
prefix: 49 58 
12 1
prefix: 57 
64 0
66 0
prefix: 57 64 
66 0
prefix: 58 
12 0
prefix: 59 
52 0
prefix: 62 
97 0
prefix: 65 
62 0
prefix: 66 
13 0
15 0
18 0
53 0
84 0
90 0
93 0
prefix: 66 13 
15 0
18 0
84 1
90 0
prefix: 66 13 -1 18 
15 0
90 0
prefix: 66 13 -1 18 -1 90 
15 1
prefix: 66 13 84 
15 0
18 0
90 0
prefix: 66 13 84 -1 -1 18 
15 0
90 0
prefix: 66 13 84 -1 -1 18 -1 90 
15 1
prefix: 66 13 84 -1 -1 90 
15 1
prefix: 66 13 -1 90 
15 1
prefix: 66 15 
53 0
prefix: 66 18 
15 0
53 0
90 0
prefix: 66 18 -1 15 
53 0
prefix: 66 18 -1 90 
15 1
53 0
prefix: 66 18 -1 90 15 
53 0
prefix: 66 84 
15 0
18 0
90 0
prefix: 66 84 -1 18 
15 0
90 0
prefix: 66 84 -1 18 -1 90 
15 1
prefix: 66 84 -1 90 
15 1
prefix: 66 90 
15 1
53 0
prefix: 66 90 15 
53 0
prefix: 66 93 
13 1
15 0
18 1
53 0
84 1
90 0
prefix: 66 93 13 
15 0
18 1
84 2
90 0
prefix: 66 93 13 -1 18 
15 0
90 0
prefix: 66 93 13 -1 18 -1 -1 90 
15 1
prefix: 66 93 13 84 
15 0
18 1
90 0
prefix: 66 93 13 84 -1 -1 18 
15 0
90 0
prefix: 66 93 13 84 -1 -1 18 -1 -1 90 
15 1
prefix: 66 93 13 84 -1 -1 -1 90 
15 1
prefix: 66 93 13 -1 -1 90 
15 1
prefix: 66 93 -1 15 
53 0
prefix: 66 93 18 
15 0
53 0
90 0
prefix: 66 93 18 -1 -1 15 
53 0
prefix: 66 93 18 -1 -1 90 
15 1
53 0
prefix: 66 93 18 -1 -1 90 15 
53 0
prefix: 66 93 84 
15 0
18 1
90 0
prefix: 66 93 84 -1 18 
15 0
90 0
prefix: 66 93 84 -1 18 -1 -1 90 
15 1
prefix: 66 93 84 -1 -1 90 
15 1
prefix: 66 93 -1 90 
15 1
53 0
prefix: 66 93 -1 90 15 
53 0
prefix: 70 
29 0
62 0
97 0
prefix: 70 62 
29 0
97 1
prefix: 70 62 97 
29 0
prefix: 70 97 
29 0
prefix: 78 
91 0
prefix: 88 
5 0
prefix: 89 
3 0
8 0
54 0
prefix: 89 3 
54 0
prefix: 89 8 
3 0
54 0
prefix: 89 8 -1 3 
54 0
prefix: 90 
15 0
prefix: 93 
13 0
18 0
41 0
84 0
prefix: 93 13 
18 0
41 1
84 1
prefix: 93 13 41 
18 0
84 1
prefix: 93 13 41 -1 84 
18 0
prefix: 93 13 84 
18 0
prefix: 93 41 
18 0
84 0
prefix: 93 41 -1 84 
18 0
prefix: 93 84 
18 0
prefix: 99 
8 0
41 0
prefix: 99 41 
8 0
